Analysis & Synthesis report for ascensor
Thu Mar 27 23:13:53 2025
Quartus II 64-Bit Version 13.1.0 Build 162 10/23/2013 SJ Web Edition


---------------------
; Table of Contents ;
---------------------
  1. Legal Notice
  2. Analysis & Synthesis Summary
  3. Analysis & Synthesis Settings
  4. Parallel Compilation
  5. Analysis & Synthesis Source Files Read
  6. Analysis & Synthesis Resource Usage Summary
  7. Analysis & Synthesis Resource Utilization by Entity
  8. Registers Removed During Synthesis
  9. Removed Registers Triggering Further Register Optimizations
 10. General Register Statistics
 11. Multiplexer Restructuring Statistics (Restructuring Performed)
 12. Port Connectivity Checks: "seguridad:seguridad_inst"
 13. Port Connectivity Checks: "sensormovimiento:control_movimiento_inst"
 14. Port Connectivity Checks: "controlpuertas:control_puertas_inst"
 15. Port Connectivity Checks: "gestionllamadas:gestion_llamadas_inst"
 16. Elapsed Time Per Partition
 17. Analysis & Synthesis Messages



----------------
; Legal Notice ;
----------------
Copyright (C) 1991-2013 Altera Corporation
Your use of Altera Corporation's design tools, logic functions 
and other software and tools, and its AMPP partner logic 
functions, and any output files from any of the foregoing 
(including device programming or simulation files), and any 
associated documentation or information are expressly subject 
to the terms and conditions of the Altera Program License 
Subscription Agreement, Altera MegaCore Function License 
Agreement, or other applicable license agreement, including, 
without limitation, that your use is for the sole purpose of 
programming logic devices manufactured by Altera and sold by 
Altera or its authorized distributors.  Please refer to the 
applicable agreement for further details.



+---------------------------------------------------------------------------------+
; Analysis & Synthesis Summary                                                    ;
+------------------------------------+--------------------------------------------+
; Analysis & Synthesis Status        ; Successful - Thu Mar 27 23:13:53 2025      ;
; Quartus II 64-Bit Version          ; 13.1.0 Build 162 10/23/2013 SJ Web Edition ;
; Revision Name                      ; ascensor                                   ;
; Top-level Entity Name              ; ascensor                                   ;
; Family                             ; Cyclone III                                ;
; Total logic elements               ; 181                                        ;
;     Total combinational functions  ; 175                                        ;
;     Dedicated logic registers      ; 85                                         ;
; Total registers                    ; 85                                         ;
; Total pins                         ; 25                                         ;
; Total virtual pins                 ; 0                                          ;
; Total memory bits                  ; 0                                          ;
; Embedded Multiplier 9-bit elements ; 0                                          ;
; Total PLLs                         ; 0                                          ;
+------------------------------------+--------------------------------------------+


+----------------------------------------------------------------------------------------------------------------------+
; Analysis & Synthesis Settings                                                                                        ;
+----------------------------------------------------------------------------+--------------------+--------------------+
; Option                                                                     ; Setting            ; Default Value      ;
+----------------------------------------------------------------------------+--------------------+--------------------+
; Device                                                                     ; EP3C16F484C6       ;                    ;
; Top-level entity name                                                      ; ascensor           ; ascensor           ;
; Family name                                                                ; Cyclone III        ; Cyclone IV GX      ;
; Use smart compilation                                                      ; Off                ; Off                ;
; Enable parallel Assembler and TimeQuest Timing Analyzer during compilation ; On                 ; On                 ;
; Enable compact report table                                                ; Off                ; Off                ;
; Restructure Multiplexers                                                   ; Auto               ; Auto               ;
; Create Debugging Nodes for IP Cores                                        ; Off                ; Off                ;
; Preserve fewer node names                                                  ; On                 ; On                 ;
; Disable OpenCore Plus hardware evaluation                                  ; Off                ; Off                ;
; Verilog Version                                                            ; Verilog_2001       ; Verilog_2001       ;
; VHDL Version                                                               ; VHDL_1993          ; VHDL_1993          ;
; State Machine Processing                                                   ; Auto               ; Auto               ;
; Safe State Machine                                                         ; Off                ; Off                ;
; Extract Verilog State Machines                                             ; On                 ; On                 ;
; Extract VHDL State Machines                                                ; On                 ; On                 ;
; Ignore Verilog initial constructs                                          ; Off                ; Off                ;
; Iteration limit for constant Verilog loops                                 ; 5000               ; 5000               ;
; Iteration limit for non-constant Verilog loops                             ; 250                ; 250                ;
; Add Pass-Through Logic to Inferred RAMs                                    ; On                 ; On                 ;
; Infer RAMs from Raw Logic                                                  ; On                 ; On                 ;
; Parallel Synthesis                                                         ; On                 ; On                 ;
; DSP Block Balancing                                                        ; Auto               ; Auto               ;
; NOT Gate Push-Back                                                         ; On                 ; On                 ;
; Power-Up Don't Care                                                        ; On                 ; On                 ;
; Remove Redundant Logic Cells                                               ; Off                ; Off                ;
; Remove Duplicate Registers                                                 ; On                 ; On                 ;
; Ignore CARRY Buffers                                                       ; Off                ; Off                ;
; Ignore CASCADE Buffers                                                     ; Off                ; Off                ;
; Ignore GLOBAL Buffers                                                      ; Off                ; Off                ;
; Ignore ROW GLOBAL Buffers                                                  ; Off                ; Off                ;
; Ignore LCELL Buffers                                                       ; Off                ; Off                ;
; Ignore SOFT Buffers                                                        ; On                 ; On                 ;
; Limit AHDL Integers to 32 Bits                                             ; Off                ; Off                ;
; Optimization Technique                                                     ; Balanced           ; Balanced           ;
; Carry Chain Length                                                         ; 70                 ; 70                 ;
; Auto Carry Chains                                                          ; On                 ; On                 ;
; Auto Open-Drain Pins                                                       ; On                 ; On                 ;
; Perform WYSIWYG Primitive Resynthesis                                      ; Off                ; Off                ;
; Auto ROM Replacement                                                       ; On                 ; On                 ;
; Auto RAM Replacement                                                       ; On                 ; On                 ;
; Auto DSP Block Replacement                                                 ; On                 ; On                 ;
; Auto Shift Register Replacement                                            ; Auto               ; Auto               ;
; Allow Shift Register Merging across Hierarchies                            ; Auto               ; Auto               ;
; Auto Clock Enable Replacement                                              ; On                 ; On                 ;
; Strict RAM Replacement                                                     ; Off                ; Off                ;
; Allow Synchronous Control Signals                                          ; On                 ; On                 ;
; Force Use of Synchronous Clear Signals                                     ; Off                ; Off                ;
; Auto RAM Block Balancing                                                   ; On                 ; On                 ;
; Auto RAM to Logic Cell Conversion                                          ; Off                ; Off                ;
; Auto Resource Sharing                                                      ; Off                ; Off                ;
; Allow Any RAM Size For Recognition                                         ; Off                ; Off                ;
; Allow Any ROM Size For Recognition                                         ; Off                ; Off                ;
; Allow Any Shift Register Size For Recognition                              ; Off                ; Off                ;
; Use LogicLock Constraints during Resource Balancing                        ; On                 ; On                 ;
; Ignore translate_off and synthesis_off directives                          ; Off                ; Off                ;
; Timing-Driven Synthesis                                                    ; On                 ; On                 ;
; Report Parameter Settings                                                  ; On                 ; On                 ;
; Report Source Assignments                                                  ; On                 ; On                 ;
; Report Connectivity Checks                                                 ; On                 ; On                 ;
; Ignore Maximum Fan-Out Assignments                                         ; Off                ; Off                ;
; Synchronization Register Chain Length                                      ; 2                  ; 2                  ;
; PowerPlay Power Optimization                                               ; Normal compilation ; Normal compilation ;
; HDL message level                                                          ; Level2             ; Level2             ;
; Suppress Register Optimization Related Messages                            ; Off                ; Off                ;
; Number of Removed Registers Reported in Synthesis Report                   ; 5000               ; 5000               ;
; Number of Swept Nodes Reported in Synthesis Report                         ; 5000               ; 5000               ;
; Number of Inverted Registers Reported in Synthesis Report                  ; 100                ; 100                ;
; Clock MUX Protection                                                       ; On                 ; On                 ;
; Auto Gated Clock Conversion                                                ; Off                ; Off                ;
; Block Design Naming                                                        ; Auto               ; Auto               ;
; SDC constraint protection                                                  ; Off                ; Off                ;
; Synthesis Effort                                                           ; Auto               ; Auto               ;
; Shift Register Replacement - Allow Asynchronous Clear Signal               ; On                 ; On                 ;
; Pre-Mapping Resynthesis Optimization                                       ; Off                ; Off                ;
; Analysis & Synthesis Message Level                                         ; Medium             ; Medium             ;
; Disable Register Merging Across Hierarchies                                ; Auto               ; Auto               ;
; Resource Aware Inference For Block RAM                                     ; On                 ; On                 ;
; Synthesis Seed                                                             ; 1                  ; 1                  ;
+----------------------------------------------------------------------------+--------------------+--------------------+


+------------------------------------------+
; Parallel Compilation                     ;
+----------------------------+-------------+
; Processors                 ; Number      ;
+----------------------------+-------------+
; Number detected on machine ; 8           ;
; Maximum allowed            ; 8           ;
;                            ;             ;
; Average used               ; 1.00        ;
; Maximum used               ; 2           ;
;                            ;             ;
; Usage by Processor         ; % Time Used ;
;     Processor 1            ; 100.0%      ;
;     Processor 2            ; < 0.1%      ;
;     Processors 3-8         ;   0.0%      ;
+----------------------------+-------------+


+-----------------------------------------------------------------------------------------------------------------------------------------------+
; Analysis & Synthesis Source Files Read                                                                                                        ;
+------------------------------------------+-----------------+-----------------+------------------------------------------------------+---------+
; File Name with User-Entered Path         ; Used in Netlist ; File Type       ; File Name with Absolute Path                         ; Library ;
+------------------------------------------+-----------------+-----------------+------------------------------------------------------+---------+
; ../sensormovimiento/sensormovimiento.vhd ; yes             ; User VHDL File  ; C:/altera/13.1/sensormovimiento/sensormovimiento.vhd ;         ;
; ../controlpuertas/controlpuertas.vhd     ; yes             ; User VHDL File  ; C:/altera/13.1/controlpuertas/controlpuertas.vhd     ;         ;
; ../gestionllamadas/gestionllamadas.vhd   ; yes             ; User VHDL File  ; C:/altera/13.1/gestionllamadas/gestionllamadas.vhd   ;         ;
; ../seguridad/seguridad.vhd               ; yes             ; User VHDL File  ; C:/altera/13.1/seguridad/seguridad.vhd               ;         ;
; ascensor.vhd                             ; yes             ; User VHDL File  ; C:/altera/13.1/ascensor/ascensor.vhd                 ;         ;
+------------------------------------------+-----------------+-----------------+------------------------------------------------------+---------+


+---------------------------------------------------------+
; Analysis & Synthesis Resource Usage Summary             ;
+---------------------------------------------+-----------+
; Resource                                    ; Usage     ;
+---------------------------------------------+-----------+
; Estimated Total logic elements              ; 181       ;
;                                             ;           ;
; Total combinational functions               ; 175       ;
; Logic element usage by number of LUT inputs ;           ;
;     -- 4 input functions                    ; 64        ;
;     -- 3 input functions                    ; 10        ;
;     -- <=2 input functions                  ; 101       ;
;                                             ;           ;
; Logic elements by mode                      ;           ;
;     -- normal mode                          ; 82        ;
;     -- arithmetic mode                      ; 93        ;
;                                             ;           ;
; Total registers                             ; 85        ;
;     -- Dedicated logic registers            ; 85        ;
;     -- I/O registers                        ; 0         ;
;                                             ;           ;
; I/O pins                                    ; 25        ;
; Embedded Multiplier 9-bit elements          ; 0         ;
; Maximum fan-out node                        ; clk~input ;
; Maximum fan-out                             ; 85        ;
; Total fan-out                               ; 834       ;
; Average fan-out                             ; 2.69      ;
+---------------------------------------------+-----------+


+-------------------------------------------------------------------------------------------------------------------------------------------------------------------------------------------------------------------------------+
; Analysis & Synthesis Resource Utilization by Entity                                                                                                                                                                           ;
+-----------------------------------------------+-------------------+--------------+-------------+--------------+---------+-----------+------+--------------+----------------------------------------------------+--------------+
; Compilation Hierarchy Node                    ; LC Combinationals ; LC Registers ; Memory Bits ; DSP Elements ; DSP 9x9 ; DSP 18x18 ; Pins ; Virtual Pins ; Full Hierarchy Name                                ; Library Name ;
+-----------------------------------------------+-------------------+--------------+-------------+--------------+---------+-----------+------+--------------+----------------------------------------------------+--------------+
; |ascensor                                     ; 175 (1)           ; 85 (0)       ; 0           ; 0            ; 0       ; 0         ; 25   ; 0            ; |ascensor                                          ; work         ;
;    |controlpuertas:control_puertas_inst|      ; 52 (52)           ; 36 (36)      ; 0           ; 0            ; 0       ; 0         ; 0    ; 0            ; |ascensor|controlpuertas:control_puertas_inst      ; work         ;
;    |gestionllamadas:gestion_llamadas_inst|    ; 11 (11)           ; 12 (12)      ; 0           ; 0            ; 0       ; 0         ; 0    ; 0            ; |ascensor|gestionllamadas:gestion_llamadas_inst    ; work         ;
;    |seguridad:seguridad_inst|                 ; 1 (1)             ; 1 (1)        ; 0           ; 0            ; 0       ; 0         ; 0    ; 0            ; |ascensor|seguridad:seguridad_inst                 ; work         ;
;    |sensormovimiento:control_movimiento_inst| ; 110 (110)         ; 36 (36)      ; 0           ; 0            ; 0       ; 0         ; 0    ; 0            ; |ascensor|sensormovimiento:control_movimiento_inst ; work         ;
+-----------------------------------------------+-------------------+--------------+-------------+--------------+---------+-----------+------+--------------+----------------------------------------------------+--------------+
Note: For table entries with two numbers listed, the numbers in parentheses indicate the number of resources of the given type used by the specific entity alone. The numbers listed outside of parentheses indicate the total resources of the given type used by the specific entity and all of its sub-entities in the hierarchy.


+------------------------------------------------------------------------------------------------------+
; Registers Removed During Synthesis                                                                   ;
+-------------------------------------------------------------+----------------------------------------+
; Register name                                               ; Reason for Removal                     ;
+-------------------------------------------------------------+----------------------------------------+
; sensormovimiento:control_movimiento_inst|destino_int[0..31] ; Stuck at GND due to stuck port data_in ;
; gestionllamadas:gestion_llamadas_inst|piso_int[0..31]       ; Stuck at GND due to stuck port data_in ;
; gestionllamadas:gestion_llamadas_inst|destino_int[3..31]    ; Stuck at GND due to stuck port data_in ;
; Total Number of Removed Registers = 93                      ;                                        ;
+-------------------------------------------------------------+----------------------------------------+


+----------------------------------------------------------------------------------------------------------------------------------------+
; Removed Registers Triggering Further Register Optimizations                                                                            ;
+----------------------------------------------------+---------------------------+-------------------------------------------------------+
; Register name                                      ; Reason for Removal        ; Registers Removed due to This Register                ;
+----------------------------------------------------+---------------------------+-------------------------------------------------------+
; gestionllamadas:gestion_llamadas_inst|piso_int[31] ; Stuck at GND              ; gestionllamadas:gestion_llamadas_inst|destino_int[31] ;
;                                                    ; due to stuck port data_in ;                                                       ;
; gestionllamadas:gestion_llamadas_inst|piso_int[30] ; Stuck at GND              ; gestionllamadas:gestion_llamadas_inst|destino_int[30] ;
;                                                    ; due to stuck port data_in ;                                                       ;
; gestionllamadas:gestion_llamadas_inst|piso_int[29] ; Stuck at GND              ; gestionllamadas:gestion_llamadas_inst|destino_int[29] ;
;                                                    ; due to stuck port data_in ;                                                       ;
; gestionllamadas:gestion_llamadas_inst|piso_int[28] ; Stuck at GND              ; gestionllamadas:gestion_llamadas_inst|destino_int[28] ;
;                                                    ; due to stuck port data_in ;                                                       ;
; gestionllamadas:gestion_llamadas_inst|piso_int[27] ; Stuck at GND              ; gestionllamadas:gestion_llamadas_inst|destino_int[27] ;
;                                                    ; due to stuck port data_in ;                                                       ;
; gestionllamadas:gestion_llamadas_inst|piso_int[26] ; Stuck at GND              ; gestionllamadas:gestion_llamadas_inst|destino_int[26] ;
;                                                    ; due to stuck port data_in ;                                                       ;
; gestionllamadas:gestion_llamadas_inst|piso_int[25] ; Stuck at GND              ; gestionllamadas:gestion_llamadas_inst|destino_int[25] ;
;                                                    ; due to stuck port data_in ;                                                       ;
; gestionllamadas:gestion_llamadas_inst|piso_int[24] ; Stuck at GND              ; gestionllamadas:gestion_llamadas_inst|destino_int[24] ;
;                                                    ; due to stuck port data_in ;                                                       ;
; gestionllamadas:gestion_llamadas_inst|piso_int[23] ; Stuck at GND              ; gestionllamadas:gestion_llamadas_inst|destino_int[23] ;
;                                                    ; due to stuck port data_in ;                                                       ;
; gestionllamadas:gestion_llamadas_inst|piso_int[22] ; Stuck at GND              ; gestionllamadas:gestion_llamadas_inst|destino_int[22] ;
;                                                    ; due to stuck port data_in ;                                                       ;
; gestionllamadas:gestion_llamadas_inst|piso_int[21] ; Stuck at GND              ; gestionllamadas:gestion_llamadas_inst|destino_int[21] ;
;                                                    ; due to stuck port data_in ;                                                       ;
; gestionllamadas:gestion_llamadas_inst|piso_int[20] ; Stuck at GND              ; gestionllamadas:gestion_llamadas_inst|destino_int[20] ;
;                                                    ; due to stuck port data_in ;                                                       ;
; gestionllamadas:gestion_llamadas_inst|piso_int[19] ; Stuck at GND              ; gestionllamadas:gestion_llamadas_inst|destino_int[19] ;
;                                                    ; due to stuck port data_in ;                                                       ;
; gestionllamadas:gestion_llamadas_inst|piso_int[18] ; Stuck at GND              ; gestionllamadas:gestion_llamadas_inst|destino_int[18] ;
;                                                    ; due to stuck port data_in ;                                                       ;
; gestionllamadas:gestion_llamadas_inst|piso_int[17] ; Stuck at GND              ; gestionllamadas:gestion_llamadas_inst|destino_int[17] ;
;                                                    ; due to stuck port data_in ;                                                       ;
; gestionllamadas:gestion_llamadas_inst|piso_int[16] ; Stuck at GND              ; gestionllamadas:gestion_llamadas_inst|destino_int[16] ;
;                                                    ; due to stuck port data_in ;                                                       ;
; gestionllamadas:gestion_llamadas_inst|piso_int[15] ; Stuck at GND              ; gestionllamadas:gestion_llamadas_inst|destino_int[15] ;
;                                                    ; due to stuck port data_in ;                                                       ;
; gestionllamadas:gestion_llamadas_inst|piso_int[14] ; Stuck at GND              ; gestionllamadas:gestion_llamadas_inst|destino_int[14] ;
;                                                    ; due to stuck port data_in ;                                                       ;
; gestionllamadas:gestion_llamadas_inst|piso_int[13] ; Stuck at GND              ; gestionllamadas:gestion_llamadas_inst|destino_int[13] ;
;                                                    ; due to stuck port data_in ;                                                       ;
; gestionllamadas:gestion_llamadas_inst|piso_int[12] ; Stuck at GND              ; gestionllamadas:gestion_llamadas_inst|destino_int[12] ;
;                                                    ; due to stuck port data_in ;                                                       ;
; gestionllamadas:gestion_llamadas_inst|piso_int[11] ; Stuck at GND              ; gestionllamadas:gestion_llamadas_inst|destino_int[11] ;
;                                                    ; due to stuck port data_in ;                                                       ;
; gestionllamadas:gestion_llamadas_inst|piso_int[10] ; Stuck at GND              ; gestionllamadas:gestion_llamadas_inst|destino_int[10] ;
;                                                    ; due to stuck port data_in ;                                                       ;
; gestionllamadas:gestion_llamadas_inst|piso_int[9]  ; Stuck at GND              ; gestionllamadas:gestion_llamadas_inst|destino_int[9]  ;
;                                                    ; due to stuck port data_in ;                                                       ;
; gestionllamadas:gestion_llamadas_inst|piso_int[8]  ; Stuck at GND              ; gestionllamadas:gestion_llamadas_inst|destino_int[8]  ;
;                                                    ; due to stuck port data_in ;                                                       ;
; gestionllamadas:gestion_llamadas_inst|piso_int[7]  ; Stuck at GND              ; gestionllamadas:gestion_llamadas_inst|destino_int[7]  ;
;                                                    ; due to stuck port data_in ;                                                       ;
; gestionllamadas:gestion_llamadas_inst|piso_int[6]  ; Stuck at GND              ; gestionllamadas:gestion_llamadas_inst|destino_int[6]  ;
;                                                    ; due to stuck port data_in ;                                                       ;
; gestionllamadas:gestion_llamadas_inst|piso_int[5]  ; Stuck at GND              ; gestionllamadas:gestion_llamadas_inst|destino_int[5]  ;
;                                                    ; due to stuck port data_in ;                                                       ;
; gestionllamadas:gestion_llamadas_inst|piso_int[4]  ; Stuck at GND              ; gestionllamadas:gestion_llamadas_inst|destino_int[4]  ;
;                                                    ; due to stuck port data_in ;                                                       ;
; gestionllamadas:gestion_llamadas_inst|piso_int[3]  ; Stuck at GND              ; gestionllamadas:gestion_llamadas_inst|destino_int[3]  ;
;                                                    ; due to stuck port data_in ;                                                       ;
+----------------------------------------------------+---------------------------+-------------------------------------------------------+


+------------------------------------------------------+
; General Register Statistics                          ;
+----------------------------------------------+-------+
; Statistic                                    ; Value ;
+----------------------------------------------+-------+
; Total registers                              ; 85    ;
; Number of registers using Synchronous Clear  ; 32    ;
; Number of registers using Synchronous Load   ; 0     ;
; Number of registers using Asynchronous Clear ; 82    ;
; Number of registers using Asynchronous Load  ; 0     ;
; Number of registers using Clock Enable       ; 35    ;
; Number of registers using Preset             ; 0     ;
+----------------------------------------------+-------+


+-------------------------------------------------------------------------------------------------------------------------------------------------------------------------------+
; Multiplexer Restructuring Statistics (Restructuring Performed)                                                                                                                ;
+--------------------+-----------+---------------+----------------------+------------------------+------------+-----------------------------------------------------------------+
; Multiplexer Inputs ; Bus Width ; Baseline Area ; Area if Restructured ; Saving if Restructured ; Registered ; Example Multiplexer Output                                      ;
+--------------------+-----------+---------------+----------------------+------------------------+------------+-----------------------------------------------------------------+
; 4:1                ; 29 bits   ; 58 LEs        ; 58 LEs               ; 0 LEs                  ; Yes        ; |ascensor|sensormovimiento:control_movimiento_inst|piso_int[23] ;
; 4:1                ; 3 bits    ; 6 LEs         ; 6 LEs                ; 0 LEs                  ; Yes        ; |ascensor|sensormovimiento:control_movimiento_inst|piso_int[2]  ;
; 6:1                ; 32 bits   ; 128 LEs       ; 32 LEs               ; 96 LEs                 ; Yes        ; |ascensor|controlpuertas:control_puertas_inst|contador[28]      ;
+--------------------+-----------+---------------+----------------------+------------------------+------------+-----------------------------------------------------------------+


+---------------------------------------------------------------------------------------------------------------------------+
; Port Connectivity Checks: "seguridad:seguridad_inst"                                                                      ;
+-----------------+--------+----------+-------------------------------------------------------------------------------------+
; Port            ; Type   ; Severity ; Details                                                                             ;
+-----------------+--------+----------+-------------------------------------------------------------------------------------+
; energia_estable ; Output ; Info     ; Connected to dangling logic. Logic that only feeds a dangling port will be removed. ;
; alarma_falla    ; Output ; Info     ; Connected to dangling logic. Logic that only feeds a dangling port will be removed. ;
+-----------------+--------+----------+-------------------------------------------------------------------------------------+


+-----------------------------------------------------------------------------------------------------------------------+
; Port Connectivity Checks: "sensormovimiento:control_movimiento_inst"                                                  ;
+--------------+-------+----------+-------------------------------------------------------------------------------------+
; Port         ; Type  ; Severity ; Details                                                                             ;
+--------------+-------+----------+-------------------------------------------------------------------------------------+
; piso_actual  ; Bidir ; Warning  ; Connected to dangling logic. Logic that only feeds a dangling port will be removed. ;
; piso_destino ; Input ; Info     ; Stuck at GND                                                                        ;
+--------------+-------+----------+-------------------------------------------------------------------------------------+


+--------------------------------------------------------------------------------------------------------------------------+
; Port Connectivity Checks: "controlpuertas:control_puertas_inst"                                                          ;
+----------------+--------+----------+-------------------------------------------------------------------------------------+
; Port           ; Type   ; Severity ; Details                                                                             ;
+----------------+--------+----------+-------------------------------------------------------------------------------------+
; puertas_estado ; Output ; Info     ; Connected to dangling logic. Logic that only feeds a dangling port will be removed. ;
+----------------+--------+----------+-------------------------------------------------------------------------------------+


+-------------------------------------------------------------------+
; Port Connectivity Checks: "gestionllamadas:gestion_llamadas_inst" ;
+-------------+-------+----------+----------------------------------+
; Port        ; Type  ; Severity ; Details                          ;
+-------------+-------+----------+----------------------------------+
; piso_actual ; Input ; Info     ; Stuck at GND                     ;
+-------------+-------+----------+----------------------------------+


+-------------------------------+
; Elapsed Time Per Partition    ;
+----------------+--------------+
; Partition Name ; Elapsed Time ;
+----------------+--------------+
; Top            ; 00:00:00     ;
+----------------+--------------+


+-------------------------------+
; Analysis & Synthesis Messages ;
+-------------------------------+
Info: *******************************************************************
Info: Running Quartus II 64-Bit Analysis & Synthesis
    Info: Version 13.1.0 Build 162 10/23/2013 SJ Web Edition
    Info: Processing started: Thu Mar 27 23:13:50 2025
Info: Command: quartus_map --read_settings_files=on --write_settings_files=off ascensor -c ascensor
Info (20030): Parallel compilation is enabled and will use 8 of the 8 processors detected
Info (12021): Found 2 design units, including 1 entities, in source file /altera/13.1/sensormovimiento/sensormovimiento.vhd
    Info (12022): Found design unit 1: sensormovimiento-Behavioral
    Info (12023): Found entity 1: sensormovimiento
Info (12021): Found 2 design units, including 1 entities, in source file /altera/13.1/controlpuertas/controlpuertas.vhd
    Info (12022): Found design unit 1: controlpuertas-arch
    Info (12023): Found entity 1: controlpuertas
Info (12021): Found 2 design units, including 1 entities, in source file /altera/13.1/gestionllamadas/gestionllamadas.vhd
    Info (12022): Found design unit 1: gestionllamadas-Behavioral
    Info (12023): Found entity 1: gestionllamadas
Info (12021): Found 2 design units, including 1 entities, in source file /altera/13.1/seguridad/seguridad.vhd
    Info (12022): Found design unit 1: seguridad-Behavioral
    Info (12023): Found entity 1: seguridad
Info (12021): Found 2 design units, including 1 entities, in source file ascensor.vhd
    Info (12022): Found design unit 1: ascensor-Behavioral
    Info (12023): Found entity 1: ascensor
Info (12127): Elaborating entity "ascensor" for the top level hierarchy
Warning (10036): Verilog HDL or VHDL warning at ascensor.vhd(30): object "energia_estable" assigned a value but never read
Warning (10036): Verilog HDL or VHDL warning at ascensor.vhd(31): object "alarma_falla" assigned a value but never read
Warning (10036): Verilog HDL or VHDL warning at ascensor.vhd(32): object "puertas_estado" assigned a value but never read
Warning (10030): Net "piso_actual" at ascensor.vhd(14) has no driver or initial value, using a default initial value '0'
Info (12128): Elaborating entity "gestionllamadas" for hierarchy "gestionllamadas:gestion_llamadas_inst"
Info (12128): Elaborating entity "controlpuertas" for hierarchy "controlpuertas:control_puertas_inst"
Info (12128): Elaborating entity "sensormovimiento" for hierarchy "sensormovimiento:control_movimiento_inst"
Info (12128): Elaborating entity "seguridad" for hierarchy "seguridad:seguridad_inst"
Warning (10631): VHDL Process Statement warning at seguridad.vhd(19): inferring latch(es) for signal or variable "energia_estable", which holds its previous value in one or more paths through the process
Info (10041): Inferred latch for "energia_estable" at seguridad.vhd(19)
Warning (12241): 1 hierarchies have connectivity warnings - see the Connectivity Checks report folder
Warning (13024): Output pins are stuck at VCC or GND
    Warning (13410): Pin "piso_actual[0]" is stuck at GND
    Warning (13410): Pin "piso_actual[1]" is stuck at GND
    Warning (13410): Pin "piso_actual[2]" is stuck at GND
Info (286030): Timing-Driven Synthesis is running
Info (16010): Generating hard_block partition "hard_block:auto_generated_inst"
    Info (16011): Adding 0 node(s), including 0 DDIO, 0 PLL, 0 transceiver and 0 LCELL
Warning (21074): Design contains 1 input pin(s) that do not drive logic
    Warning (15610): No output dependent on input pin "falla_energia"
Info (21057): Implemented 206 device resources after synthesis - the final resource count might be different
    Info (21058): Implemented 17 input pins
    Info (21059): Implemented 8 output pins
    Info (21061): Implemented 181 logic cells
Info: Quartus II 64-Bit Analysis & Synthesis was successful. 0 errors, 12 warnings
    Info: Peak virtual memory: 4707 megabytes
    Info: Processing ended: Thu Mar 27 23:13:53 2025
    Info: Elapsed time: 00:00:03
    Info: Total CPU time (on all processors): 00:00:03


